Determining if the pthread_create exist failed with the following output:
Change Dir: /home/veers/Desktop/ProgrammingForMechatronicSystems/in_class/week08/prework/convar_starter/CMakeFiles/CMakeTmp

Run Build Command:"/usr/bin/make" "cmTC_cea0b/fast"
/usr/bin/make -f CMakeFiles/cmTC_cea0b.dir/build.make CMakeFiles/cmTC_cea0b.dir/build
make[1]: Entering directory '/home/veers/Desktop/ProgrammingForMechatronicSystems/in_class/week08/prework/convar_starter/CMakeFiles/CMakeTmp'
Building C object CMakeFiles/cmTC_cea0b.dir/CheckSymbolExists.c.o
/usr/bin/cc    -o CMakeFiles/cmTC_cea0b.dir/CheckSymbolExists.c.o   -c /home/veers/Desktop/ProgrammingForMechatronicSystems/in_class/week08/prework/convar_starter/CMakeFiles/CMakeTmp/CheckSymbolExists.c
Linking C executable cmTC_cea0b
/usr/bin/cmake -E cmake_link_script CMakeFiles/cmTC_cea0b.dir/link.txt --verbose=1
/usr/bin/cc      -rdynamic CMakeFiles/cmTC_cea0b.dir/CheckSymbolExists.c.o  -o cmTC_cea0b 
CMakeFiles/cmTC_cea0b.dir/CheckSymbolExists.c.o: In function `main':
CheckSymbolExists.c:(.text+0x1b): undefined reference to `pthread_create'
collect2: error: ld returned 1 exit status
CMakeFiles/cmTC_cea0b.dir/build.make:97: recipe for target 'cmTC_cea0b' failed
make[1]: *** [cmTC_cea0b] Error 1
make[1]: Leaving directory '/home/veers/Desktop/ProgrammingForMechatronicSystems/in_class/week08/prework/convar_starter/CMakeFiles/CMakeTmp'
Makefile:126: recipe for target 'cmTC_cea0b/fast' failed
make: *** [cmTC_cea0b/fast] Error 2

File /home/veers/Desktop/ProgrammingForMechatronicSystems/in_class/week08/prework/convar_starter/CMakeFiles/CMakeTmp/CheckSymbolExists.c:
/* */
#include <pthread.h>

int main(int argc, char** argv)
{
  (void)argv;
#ifndef pthread_create
  return ((int*)(&pthread_create))[argc];
#else
  (void)argc;
  return 0;
#endif
}

Determining if the function pthread_create exists in the pthreads failed with the following output:
Change Dir: /home/veers/Desktop/ProgrammingForMechatronicSystems/in_class/week08/prework/convar_starter/CMakeFiles/CMakeTmp

Run Build Command:"/usr/bin/make" "cmTC_4d936/fast"
/usr/bin/make -f CMakeFiles/cmTC_4d936.dir/build.make CMakeFiles/cmTC_4d936.dir/build
make[1]: Entering directory '/home/veers/Desktop/ProgrammingForMechatronicSystems/in_class/week08/prework/convar_starter/CMakeFiles/CMakeTmp'
Building C object CMakeFiles/cmTC_4d936.dir/CheckFunctionExists.c.o
/usr/bin/cc   -DCHECK_FUNCTION_EXISTS=pthread_create   -o CMakeFiles/cmTC_4d936.dir/CheckFunctionExists.c.o   -c /usr/share/cmake-3.10/Modules/CheckFunctionExists.c
Linking C executable cmTC_4d936
/usr/bin/cmake -E cmake_link_script CMakeFiles/cmTC_4d936.dir/link.txt --verbose=1
/usr/bin/cc  -DCHECK_FUNCTION_EXISTS=pthread_create    -rdynamic CMakeFiles/cmTC_4d936.dir/CheckFunctionExists.c.o  -o cmTC_4d936 -lpthreads 
/usr/bin/x86_64-linux-gnu-ld: cannot find -lpthreads
collect2: error: ld returned 1 exit status
CMakeFiles/cmTC_4d936.dir/build.make:97: recipe for target 'cmTC_4d936' failed
make[1]: *** [cmTC_4d936] Error 1
make[1]: Leaving directory '/home/veers/Desktop/ProgrammingForMechatronicSystems/in_class/week08/prework/convar_starter/CMakeFiles/CMakeTmp'
Makefile:126: recipe for target 'cmTC_4d936/fast' failed
make: *** [cmTC_4d936/fast] Error 2


