Determining if the pthread_create exist failed with the following output:
Change Dir: /home/veers/Desktop/ProgrammingForMechatronicSystems/in_class/week08/prework/build-convar_starter-Desktop-Default/CMakeFiles/CMakeTmp

Run Build Command:"/usr/bin/make" "cmTC_17555/fast"
/usr/bin/make -f CMakeFiles/cmTC_17555.dir/build.make CMakeFiles/cmTC_17555.dir/build
make[1]: Entering directory '/home/veers/Desktop/ProgrammingForMechatronicSystems/in_class/week08/prework/build-convar_starter-Desktop-Default/CMakeFiles/CMakeTmp'
Building C object CMakeFiles/cmTC_17555.dir/CheckSymbolExists.c.o
/usr/bin/gcc    -o CMakeFiles/cmTC_17555.dir/CheckSymbolExists.c.o   -c /home/veers/Desktop/ProgrammingForMechatronicSystems/in_class/week08/prework/build-convar_starter-Desktop-Default/CMakeFiles/CMakeTmp/CheckSymbolExists.c
Linking C executable cmTC_17555
/usr/bin/cmake -E cmake_link_script CMakeFiles/cmTC_17555.dir/link.txt --verbose=1
/usr/bin/gcc      -rdynamic CMakeFiles/cmTC_17555.dir/CheckSymbolExists.c.o  -o cmTC_17555 
CMakeFiles/cmTC_17555.dir/CheckSymbolExists.c.o: In function `main':
CheckSymbolExists.c:(.text+0x1b): undefined reference to `pthread_create'
collect2: error: ld returned 1 exit status
CMakeFiles/cmTC_17555.dir/build.make:97: recipe for target 'cmTC_17555' failed
make[1]: *** [cmTC_17555] Error 1
make[1]: Leaving directory '/home/veers/Desktop/ProgrammingForMechatronicSystems/in_class/week08/prework/build-convar_starter-Desktop-Default/CMakeFiles/CMakeTmp'
Makefile:126: recipe for target 'cmTC_17555/fast' failed
make: *** [cmTC_17555/fast] Error 2

File /home/veers/Desktop/ProgrammingForMechatronicSystems/in_class/week08/prework/build-convar_starter-Desktop-Default/CMakeFiles/CMakeTmp/CheckSymbolExists.c:
/* */
#include <pthread.h>

int main(int argc, char** argv)
{
  (void)argv;
#ifndef pthread_create
  return ((int*)(&pthread_create))[argc];
#else
  (void)argc;
  return 0;
#endif
}

Determining if the function pthread_create exists in the pthreads failed with the following output:
Change Dir: /home/veers/Desktop/ProgrammingForMechatronicSystems/in_class/week08/prework/build-convar_starter-Desktop-Default/CMakeFiles/CMakeTmp

Run Build Command:"/usr/bin/make" "cmTC_07d82/fast"
/usr/bin/make -f CMakeFiles/cmTC_07d82.dir/build.make CMakeFiles/cmTC_07d82.dir/build
make[1]: Entering directory '/home/veers/Desktop/ProgrammingForMechatronicSystems/in_class/week08/prework/build-convar_starter-Desktop-Default/CMakeFiles/CMakeTmp'
Building C object CMakeFiles/cmTC_07d82.dir/CheckFunctionExists.c.o
/usr/bin/gcc   -DCHECK_FUNCTION_EXISTS=pthread_create   -o CMakeFiles/cmTC_07d82.dir/CheckFunctionExists.c.o   -c /usr/share/cmake-3.10/Modules/CheckFunctionExists.c
Linking C executable cmTC_07d82
/usr/bin/cmake -E cmake_link_script CMakeFiles/cmTC_07d82.dir/link.txt --verbose=1
/usr/bin/gcc  -DCHECK_FUNCTION_EXISTS=pthread_create    -rdynamic CMakeFiles/cmTC_07d82.dir/CheckFunctionExists.c.o  -o cmTC_07d82 -lpthreads 
/usr/bin/x86_64-linux-gnu-ld: cannot find -lpthreads
collect2: error: ld returned 1 exit status
CMakeFiles/cmTC_07d82.dir/build.make:97: recipe for target 'cmTC_07d82' failed
make[1]: *** [cmTC_07d82] Error 1
make[1]: Leaving directory '/home/veers/Desktop/ProgrammingForMechatronicSystems/in_class/week08/prework/build-convar_starter-Desktop-Default/CMakeFiles/CMakeTmp'
Makefile:126: recipe for target 'cmTC_07d82/fast' failed
make: *** [cmTC_07d82/fast] Error 2


