Determining if the pthread_create exist failed with the following output:
Change Dir: /home/veers/Desktop/ProgrammingForMechatronicSystems/in_class/week08/build-convar_starter-Desktop-Default/CMakeFiles/CMakeTmp

Run Build Command:"/usr/bin/make" "cmTC_3e4de/fast"
/usr/bin/make -f CMakeFiles/cmTC_3e4de.dir/build.make CMakeFiles/cmTC_3e4de.dir/build
make[1]: Entering directory '/home/veers/Desktop/ProgrammingForMechatronicSystems/in_class/week08/build-convar_starter-Desktop-Default/CMakeFiles/CMakeTmp'
Building C object CMakeFiles/cmTC_3e4de.dir/CheckSymbolExists.c.o
/usr/bin/gcc    -o CMakeFiles/cmTC_3e4de.dir/CheckSymbolExists.c.o   -c /home/veers/Desktop/ProgrammingForMechatronicSystems/in_class/week08/build-convar_starter-Desktop-Default/CMakeFiles/CMakeTmp/CheckSymbolExists.c
Linking C executable cmTC_3e4de
/usr/bin/cmake -E cmake_link_script CMakeFiles/cmTC_3e4de.dir/link.txt --verbose=1
/usr/bin/gcc      -rdynamic CMakeFiles/cmTC_3e4de.dir/CheckSymbolExists.c.o  -o cmTC_3e4de 
CMakeFiles/cmTC_3e4de.dir/CheckSymbolExists.c.o: In function `main':
CheckSymbolExists.c:(.text+0x1b): undefined reference to `pthread_create'
collect2: error: ld returned 1 exit status
CMakeFiles/cmTC_3e4de.dir/build.make:97: recipe for target 'cmTC_3e4de' failed
make[1]: *** [cmTC_3e4de] Error 1
make[1]: Leaving directory '/home/veers/Desktop/ProgrammingForMechatronicSystems/in_class/week08/build-convar_starter-Desktop-Default/CMakeFiles/CMakeTmp'
Makefile:126: recipe for target 'cmTC_3e4de/fast' failed
make: *** [cmTC_3e4de/fast] Error 2

File /home/veers/Desktop/ProgrammingForMechatronicSystems/in_class/week08/build-convar_starter-Desktop-Default/CMakeFiles/CMakeTmp/CheckSymbolExists.c:
/* */
#include <pthread.h>

int main(int argc, char** argv)
{
  (void)argv;
#ifndef pthread_create
  return ((int*)(&pthread_create))[argc];
#else
  (void)argc;
  return 0;
#endif
}

Determining if the function pthread_create exists in the pthreads failed with the following output:
Change Dir: /home/veers/Desktop/ProgrammingForMechatronicSystems/in_class/week08/build-convar_starter-Desktop-Default/CMakeFiles/CMakeTmp

Run Build Command:"/usr/bin/make" "cmTC_811fb/fast"
/usr/bin/make -f CMakeFiles/cmTC_811fb.dir/build.make CMakeFiles/cmTC_811fb.dir/build
make[1]: Entering directory '/home/veers/Desktop/ProgrammingForMechatronicSystems/in_class/week08/build-convar_starter-Desktop-Default/CMakeFiles/CMakeTmp'
Building C object CMakeFiles/cmTC_811fb.dir/CheckFunctionExists.c.o
/usr/bin/gcc   -DCHECK_FUNCTION_EXISTS=pthread_create   -o CMakeFiles/cmTC_811fb.dir/CheckFunctionExists.c.o   -c /usr/share/cmake-3.9/Modules/CheckFunctionExists.c
Linking C executable cmTC_811fb
/usr/bin/cmake -E cmake_link_script CMakeFiles/cmTC_811fb.dir/link.txt --verbose=1
/usr/bin/gcc  -DCHECK_FUNCTION_EXISTS=pthread_create    -rdynamic CMakeFiles/cmTC_811fb.dir/CheckFunctionExists.c.o  -o cmTC_811fb -lpthreads 
/usr/bin/ld: cannot find -lpthreads
collect2: error: ld returned 1 exit status
CMakeFiles/cmTC_811fb.dir/build.make:97: recipe for target 'cmTC_811fb' failed
make[1]: *** [cmTC_811fb] Error 1
make[1]: Leaving directory '/home/veers/Desktop/ProgrammingForMechatronicSystems/in_class/week08/build-convar_starter-Desktop-Default/CMakeFiles/CMakeTmp'
Makefile:126: recipe for target 'cmTC_811fb/fast' failed
make: *** [cmTC_811fb/fast] Error 2


